<?xml version="1.0" encoding="UTF-8"?>
<!-- Generated by org.testng.reporters.JUnitXMLReporter -->
<testsuite hostname="Shashanks-MacBook-Pro.local" name="Default test" tests="100" failures="0" timestamp="12 Mar 2015 03:05:48 GMT" time="7.033" errors="0">
  <testcase name="runImageURLFetcher" time="0.01" classname="image.mapper.ImageUrls"/>
  <testcase name="runImageURLFetcher" time="0.002" classname="image.mapper.ImageUrls"/>
  <testcase name="runImageURLFetcher" time="0.001" classname="image.mapper.ImageUrls"/>
  <testcase name="runImageURLFetcher" time="0.003" classname="image.mapper.ImageUrls"/>
  <testcase name="runImageURLFetcher" time="0.002" classname="image.mapper.ImageUrls"/>
  <testcase name="runImageURLFetcher" time="0.001" classname="image.mapper.ImageUrls"/>
  <testcase name="runImageURLFetcher" time="0.002" classname="image.mapper.ImageUrls"/>
  <testcase name="runImageURLFetcher" time="0.001" classname="image.mapper.ImageUrls"/>
  <testcase name="runImageURLFetcher" time="0.001" classname="image.mapper.ImageUrls"/>
  <testcase name="runImageURLFetcher" time="0.002" classname="image.mapper.ImageUrls"/>
  <testcase name="runImageURLFetcher" time="0.001" classname="image.mapper.ImageUrls"/>
  <testcase name="runImageURLFetcher" time="0.001" classname="image.mapper.ImageUrls"/>
  <testcase name="runImageURLFetcher" time="0.001" classname="image.mapper.ImageUrls"/>
  <testcase name="runImageURLFetcher" time="0.001" classname="image.mapper.ImageUrls"/>
  <testcase name="runImageURLFetcher" time="0.001" classname="image.mapper.ImageUrls"/>
  <testcase name="runImageURLFetcher" time="0.001" classname="image.mapper.ImageUrls"/>
  <testcase name="runImageURLFetcher" time="0.001" classname="image.mapper.ImageUrls"/>
  <testcase name="runImageURLFetcher" time="0.001" classname="image.mapper.ImageUrls"/>
  <testcase name="runImageURLFetcher" time="0.001" classname="image.mapper.ImageUrls"/>
  <testcase name="runImageURLFetcher" time="0.001" classname="image.mapper.ImageUrls"/>
  <testcase name="runImageURLFetcher" time="0.001" classname="image.mapper.ImageUrls"/>
  <testcase name="runImageURLFetcher" time="0.001" classname="image.mapper.ImageUrls"/>
  <testcase name="runImageURLFetcher" time="0.001" classname="image.mapper.ImageUrls"/>
  <testcase name="runImageURLFetcher" time="0.001" classname="image.mapper.ImageUrls"/>
  <testcase name="runImageURLFetcher" time="0.001" classname="image.mapper.ImageUrls"/>
  <testcase name="runImageURLFetcher" time="0.001" classname="image.mapper.ImageUrls"/>
  <testcase name="runImageURLFetcher" time="0.001" classname="image.mapper.ImageUrls"/>
  <testcase name="runImageURLFetcher" time="0.001" classname="image.mapper.ImageUrls"/>
  <testcase name="runImageURLFetcher" time="0.001" classname="image.mapper.ImageUrls"/>
  <testcase name="runImageURLFetcher" time="0.001" classname="image.mapper.ImageUrls"/>
  <testcase name="runImageURLFetcher" time="0.001" classname="image.mapper.ImageUrls"/>
  <testcase name="runImageURLFetcher" time="0.002" classname="image.mapper.ImageUrls"/>
  <testcase name="runImageURLFetcher" time="0.001" classname="image.mapper.ImageUrls"/>
  <testcase name="runImageURLFetcher" time="0.0" classname="image.mapper.ImageUrls"/>
  <testcase name="runImageURLFetcher" time="0.001" classname="image.mapper.ImageUrls"/>
  <testcase name="runImageURLFetcher" time="0.0" classname="image.mapper.ImageUrls"/>
  <testcase name="runImageURLFetcher" time="0.0" classname="image.mapper.ImageUrls"/>
  <testcase name="runImageURLFetcher" time="0.0" classname="image.mapper.ImageUrls"/>
  <testcase name="runImageURLFetcher" time="0.0" classname="image.mapper.ImageUrls"/>
  <testcase name="runImageURLFetcher" time="0.0" classname="image.mapper.ImageUrls"/>
  <testcase name="runImageURLFetcher" time="0.001" classname="image.mapper.ImageUrls"/>
  <testcase name="runImageURLFetcher" time="0.001" classname="image.mapper.ImageUrls"/>
  <testcase name="runImageURLFetcher" time="0.001" classname="image.mapper.ImageUrls"/>
  <testcase name="runImageURLFetcher" time="0.001" classname="image.mapper.ImageUrls"/>
  <testcase name="runImageURLFetcher" time="0.001" classname="image.mapper.ImageUrls"/>
  <testcase name="runImageURLFetcher" time="0.001" classname="image.mapper.ImageUrls"/>
  <testcase name="runImageURLFetcher" time="0.001" classname="image.mapper.ImageUrls"/>
  <testcase name="runImageURLFetcher" time="0.001" classname="image.mapper.ImageUrls"/>
  <testcase name="runImageURLFetcher" time="0.001" classname="image.mapper.ImageUrls"/>
  <testcase name="runImageURLFetcher" time="0.001" classname="image.mapper.ImageUrls"/>
  <testcase name="runImageURLFetcher" time="0.0" classname="image.mapper.ImageUrls"/>
  <testcase name="runImageURLFetcher" time="0.001" classname="image.mapper.ImageUrls"/>
  <testcase name="runImageURLFetcher" time="0.001" classname="image.mapper.ImageUrls"/>
  <testcase name="runImageURLFetcher" time="0.002" classname="image.mapper.ImageUrls"/>
  <testcase name="runImageURLFetcher" time="0.001" classname="image.mapper.ImageUrls"/>
  <testcase name="runImageURLFetcher" time="0.001" classname="image.mapper.ImageUrls"/>
  <testcase name="runImageURLFetcher" time="0.001" classname="image.mapper.ImageUrls"/>
  <testcase name="runImageURLFetcher" time="0.001" classname="image.mapper.ImageUrls"/>
  <testcase name="runImageURLFetcher" time="0.0" classname="image.mapper.ImageUrls"/>
  <testcase name="runImageURLFetcher" time="0.001" classname="image.mapper.ImageUrls"/>
  <testcase name="runImageURLFetcher" time="0.001" classname="image.mapper.ImageUrls"/>
  <testcase name="runImageURLFetcher" time="0.001" classname="image.mapper.ImageUrls"/>
  <testcase name="runImageURLFetcher" time="0.001" classname="image.mapper.ImageUrls"/>
  <testcase name="runImageURLFetcher" time="0.0" classname="image.mapper.ImageUrls"/>
  <testcase name="runImageURLFetcher" time="0.001" classname="image.mapper.ImageUrls"/>
  <testcase name="runImageURLFetcher" time="0.001" classname="image.mapper.ImageUrls"/>
  <testcase name="runImageURLFetcher" time="0.001" classname="image.mapper.ImageUrls"/>
  <testcase name="runImageURLFetcher" time="0.001" classname="image.mapper.ImageUrls"/>
  <testcase name="runImageURLFetcher" time="0.001" classname="image.mapper.ImageUrls"/>
  <testcase name="runImageURLFetcher" time="0.001" classname="image.mapper.ImageUrls"/>
  <testcase name="runImageURLFetcher" time="0.001" classname="image.mapper.ImageUrls"/>
  <testcase name="runImageURLFetcher" time="0.001" classname="image.mapper.ImageUrls"/>
  <testcase name="runImageURLFetcher" time="0.001" classname="image.mapper.ImageUrls"/>
  <testcase name="runImageURLFetcher" time="0.001" classname="image.mapper.ImageUrls"/>
  <testcase name="runImageURLFetcher" time="0.001" classname="image.mapper.ImageUrls"/>
  <testcase name="runImageURLFetcher" time="0.001" classname="image.mapper.ImageUrls"/>
  <testcase name="runImageURLFetcher" time="0.001" classname="image.mapper.ImageUrls"/>
  <testcase name="runImageURLFetcher" time="0.001" classname="image.mapper.ImageUrls"/>
  <testcase name="runImageURLFetcher" time="0.005" classname="image.mapper.ImageUrls"/>
  <testcase name="runImageURLFetcher" time="0.002" classname="image.mapper.ImageUrls"/>
  <testcase name="runImageURLFetcher" time="0.0" classname="image.mapper.ImageUrls"/>
  <testcase name="runImageURLFetcher" time="0.0" classname="image.mapper.ImageUrls"/>
  <testcase name="runImageURLFetcher" time="0.001" classname="image.mapper.ImageUrls"/>
  <testcase name="runImageURLFetcher" time="0.001" classname="image.mapper.ImageUrls"/>
  <testcase name="runImageURLFetcher" time="0.0" classname="image.mapper.ImageUrls"/>
  <testcase name="runImageURLFetcher" time="0.002" classname="image.mapper.ImageUrls"/>
  <testcase name="runImageURLFetcher" time="0.003" classname="image.mapper.ImageUrls"/>
  <testcase name="runImageURLFetcher" time="0.007" classname="image.mapper.ImageUrls"/>
  <testcase name="runImageURLFetcher" time="0.001" classname="image.mapper.ImageUrls"/>
  <testcase name="runImageURLFetcher" time="0.001" classname="image.mapper.ImageUrls"/>
  <testcase name="runImageURLFetcher" time="0.002" classname="image.mapper.ImageUrls"/>
  <testcase name="runImageURLFetcher" time="0.001" classname="image.mapper.ImageUrls"/>
  <testcase name="runImageURLFetcher" time="0.001" classname="image.mapper.ImageUrls"/>
  <testcase name="runImageURLFetcher" time="0.001" classname="image.mapper.ImageUrls"/>
  <testcase name="runImageURLFetcher" time="0.001" classname="image.mapper.ImageUrls"/>
  <testcase name="runImageURLFetcher" time="0.001" classname="image.mapper.ImageUrls"/>
  <testcase name="runImageURLFetcher" time="0.001" classname="image.mapper.ImageUrls"/>
  <testcase name="runImageURLFetcher" time="0.0" classname="image.mapper.ImageUrls"/>
  <testcase name="runImageURLFetcher" time="0.0" classname="image.mapper.ImageUrls"/>
  <testcase name="runImageURLFetcher" time="0.001" classname="image.mapper.ImageUrls"/>
</testsuite> <!-- Default test -->
